<?xml version="1.0" encoding="UTF-8"?>
<!-- Generated by org.testng.reporters.JUnitReportReporter -->
<testsuite hostname="OV-DUB-LTP-165" failures="0" tests="1" name="configuration.APICalls" time="0.002" errors="0" timestamp="2019-12-11T14:55:36 GMT" skipped="0">
  <testcase classname="configuration.APICalls" name="f" time="0.002"/>
</testsuite> <!-- configuration.APICalls -->
