<?xml version="1.0" encoding="UTF-8"?>
<!-- Generated by org.testng.reporters.JUnitReportReporter -->
<testsuite hostname="OV-DUB-LTP-165" failures="0" tests="1" name="example.NewTest" time="14.784" errors="0" timestamp="2019-11-15T12:22:40 GMT" skipped="0">
  <testcase classname="example.NewTest" name="testURL" time="14.784"/>
</testsuite> <!-- example.NewTest -->
